<?xml version="1.0" encoding="UTF-8"?>
<coverage generated="1646269819452" clover="3.2.0">
  <project timestamp="1646269819452" name="All files">
    <metrics statements="40" coveredstatements="40" conditionals="12" coveredconditionals="12" methods="9" coveredmethods="9" elements="61" coveredelements="61" complexity="0" loc="40" ncloc="40" packages="1" files="1" classes="1"/>
    <file name="linkedLists.js" path="C:\Programming\data-structure\dataStructures\linkedLists.js">
      <metrics statements="40" coveredstatements="40" conditionals="12" coveredconditionals="12" methods="9" coveredmethods="9"/>
      <line num="3" count="44" type="stmt"/>
      <line num="4" count="44" type="stmt"/>
      <line num="21" count="15" type="stmt"/>
      <line num="22" count="15" type="stmt"/>
      <line num="26" count="42" type="stmt"/>
      <line num="27" count="42" type="stmt"/>
      <line num="28" count="42" type="stmt"/>
      <line num="32" count="2" type="stmt"/>
      <line num="33" count="2" type="stmt"/>
      <line num="37" count="5" type="cond" truecount="2" falsecount="0"/>
      <line num="39" count="4" type="stmt"/>
      <line num="40" count="4" type="cond" truecount="2" falsecount="0"/>
      <line num="42" count="2" type="stmt"/>
      <line num="43" count="2" type="stmt"/>
      <line num="47" count="4" type="cond" truecount="2" falsecount="0"/>
      <line num="49" count="3" type="stmt"/>
      <line num="50" count="3" type="cond" truecount="2" falsecount="0"/>
      <line num="52" count="1" type="stmt"/>
      <line num="53" count="1" type="stmt"/>
      <line num="57" count="13" type="cond" truecount="4" falsecount="0"/>
      <line num="59" count="7" type="stmt"/>
      <line num="60" count="7" type="stmt"/>
      <line num="61" count="8" type="stmt"/>
      <line num="63" count="7" type="stmt"/>
      <line num="68" count="2" type="stmt"/>
      <line num="69" count="2" type="stmt"/>
      <line num="70" count="2" type="stmt"/>
      <line num="72" count="9" type="stmt"/>
      <line num="73" count="9" type="stmt"/>
      <line num="75" count="2" type="stmt"/>
      <line num="79" count="1" type="stmt"/>
      <line num="80" count="14" type="stmt"/>
      <line num="81" count="14" type="stmt"/>
      <line num="82" count="39" type="stmt"/>
      <line num="85" count="14" type="stmt"/>
      <line num="88" count="1" type="stmt"/>
      <line num="89" count="1" type="stmt"/>
      <line num="90" count="1" type="stmt"/>
      <line num="91" count="1" type="stmt"/>
      <line num="93" count="1" type="stmt"/>
    </file>
  </project>
</coverage>
