{"C:\\Programming\\data-structure\\dataStructures\\linkedLists.js": {"path":"C:\\Programming\\data-structure\\dataStructures\\linkedLists.js","statementMap":{"0":{"start":{"line":3,"column":8},"end":{"line":3,"column":25}},"1":{"start":{"line":4,"column":8},"end":{"line":4,"column":25}},"2":{"start":{"line":21,"column":8},"end":{"line":21,"column":24}},"3":{"start":{"line":22,"column":8},"end":{"line":22,"column":23}},"4":{"start":{"line":26,"column":24},"end":{"line":26,"column":49}},"5":{"start":{"line":27,"column":8},"end":{"line":27,"column":27}},"6":{"start":{"line":28,"column":8},"end":{"line":28,"column":21}},"7":{"start":{"line":32,"column":8},"end":{"line":32,"column":34}},"8":{"start":{"line":33,"column":8},"end":{"line":33,"column":21}},"9":{"start":{"line":37,"column":8},"end":{"line":37,"column":55}},"10":{"start":{"line":37,"column":25},"end":{"line":37,"column":55}},"11":{"start":{"line":39,"column":21},"end":{"line":39,"column":47}},"12":{"start":{"line":40,"column":8},"end":{"line":40,"column":37}},"13":{"start":{"line":40,"column":26},"end":{"line":40,"column":37}},"14":{"start":{"line":42,"column":8},"end":{"line":42,"column":45}},"15":{"start":{"line":43,"column":8},"end":{"line":43,"column":21}},"16":{"start":{"line":47,"column":8},"end":{"line":47,"column":49}},"17":{"start":{"line":47,"column":25},"end":{"line":47,"column":49}},"18":{"start":{"line":49,"column":21},"end":{"line":49,"column":47}},"19":{"start":{"line":50,"column":8},"end":{"line":50,"column":37}},"20":{"start":{"line":50,"column":26},"end":{"line":50,"column":37}},"21":{"start":{"line":52,"column":8},"end":{"line":52,"column":34}},"22":{"start":{"line":53,"column":8},"end":{"line":53,"column":21}},"23":{"start":{"line":57,"column":8},"end":{"line":57,"column":58}},"24":{"start":{"line":57,"column":47},"end":{"line":57,"column":58}},"25":{"start":{"line":59,"column":22},"end":{"line":59,"column":31}},"26":{"start":{"line":60,"column":8},"end":{"line":62,"column":9}},"27":{"start":{"line":60,"column":21},"end":{"line":60,"column":22}},"28":{"start":{"line":61,"column":12},"end":{"line":61,"column":34}},"29":{"start":{"line":63,"column":8},"end":{"line":63,"column":22}},"30":{"start":{"line":68,"column":21},"end":{"line":68,"column":23}},"31":{"start":{"line":69,"column":22},"end":{"line":69,"column":31}},"32":{"start":{"line":70,"column":8},"end":{"line":74,"column":9}},"33":{"start":{"line":72,"column":12},"end":{"line":72,"column":51}},"34":{"start":{"line":73,"column":12},"end":{"line":73,"column":34}},"35":{"start":{"line":75,"column":8},"end":{"line":75,"column":37}},"36":{"start":{"line":79,"column":0},"end":{"line":86,"column":1}},"37":{"start":{"line":80,"column":15},"end":{"line":80,"column":31}},"38":{"start":{"line":81,"column":4},"end":{"line":83,"column":5}},"39":{"start":{"line":81,"column":17},"end":{"line":81,"column":34}},"40":{"start":{"line":82,"column":8},"end":{"line":82,"column":34}},"41":{"start":{"line":85,"column":4},"end":{"line":85,"column":13}},"42":{"start":{"line":88,"column":11},"end":{"line":88,"column":48}},"43":{"start":{"line":89,"column":0},"end":{"line":89,"column":10}},"44":{"start":{"line":90,"column":0},"end":{"line":90,"column":23}},"45":{"start":{"line":91,"column":0},"end":{"line":91,"column":10}},"46":{"start":{"line":93,"column":0},"end":{"line":93,"column":27}}},"fnMap":{"0":{"name":"(anonymous_0)","decl":{"start":{"line":2,"column":4},"end":{"line":2,"column":5}},"loc":{"start":{"line":2,"column":28},"end":{"line":5,"column":5}},"line":2},"1":{"name":"(anonymous_1)","decl":{"start":{"line":20,"column":4},"end":{"line":20,"column":5}},"loc":{"start":{"line":20,"column":18},"end":{"line":23,"column":5}},"line":20},"2":{"name":"(anonymous_2)","decl":{"start":{"line":25,"column":4},"end":{"line":25,"column":5}},"loc":{"start":{"line":25,"column":23},"end":{"line":29,"column":5}},"line":25},"3":{"name":"(anonymous_3)","decl":{"start":{"line":31,"column":4},"end":{"line":31,"column":5}},"loc":{"start":{"line":31,"column":17},"end":{"line":34,"column":5}},"line":31},"4":{"name":"(anonymous_4)","decl":{"start":{"line":36,"column":4},"end":{"line":36,"column":5}},"loc":{"start":{"line":36,"column":31},"end":{"line":44,"column":5}},"line":36},"5":{"name":"(anonymous_5)","decl":{"start":{"line":46,"column":4},"end":{"line":46,"column":5}},"loc":{"start":{"line":46,"column":25},"end":{"line":54,"column":5}},"line":46},"6":{"name":"(anonymous_6)","decl":{"start":{"line":56,"column":4},"end":{"line":56,"column":5}},"loc":{"start":{"line":56,"column":22},"end":{"line":64,"column":5}},"line":56},"7":{"name":"(anonymous_7)","decl":{"start":{"line":67,"column":4},"end":{"line":67,"column":5}},"loc":{"start":{"line":67,"column":12},"end":{"line":76,"column":5}},"line":67},"8":{"name":"(anonymous_8)","decl":{"start":{"line":79,"column":24},"end":{"line":79,"column":25}},"loc":{"start":{"line":79,"column":39},"end":{"line":86,"column":1}},"line":79}},"branchMap":{"0":{"loc":{"start":{"line":37,"column":8},"end":{"line":37,"column":55}},"type":"if","locations":[{"start":{"line":37,"column":8},"end":{"line":37,"column":55}},{"start":{},"end":{}}],"line":37},"1":{"loc":{"start":{"line":40,"column":8},"end":{"line":40,"column":37}},"type":"if","locations":[{"start":{"line":40,"column":8},"end":{"line":40,"column":37}},{"start":{},"end":{}}],"line":40},"2":{"loc":{"start":{"line":47,"column":8},"end":{"line":47,"column":49}},"type":"if","locations":[{"start":{"line":47,"column":8},"end":{"line":47,"column":49}},{"start":{},"end":{}}],"line":47},"3":{"loc":{"start":{"line":50,"column":8},"end":{"line":50,"column":37}},"type":"if","locations":[{"start":{"line":50,"column":8},"end":{"line":50,"column":37}},{"start":{},"end":{}}],"line":50},"4":{"loc":{"start":{"line":57,"column":8},"end":{"line":57,"column":58}},"type":"if","locations":[{"start":{"line":57,"column":8},"end":{"line":57,"column":58}},{"start":{},"end":{}}],"line":57},"5":{"loc":{"start":{"line":57,"column":12},"end":{"line":57,"column":45}},"type":"binary-expr","locations":[{"start":{"line":57,"column":12},"end":{"line":57,"column":21}},{"start":{"line":57,"column":25},"end":{"line":57,"column":45}}],"line":57}},"s":{"0":44,"1":44,"2":15,"3":15,"4":42,"5":42,"6":42,"7":2,"8":2,"9":5,"10":1,"11":4,"12":4,"13":2,"14":2,"15":2,"16":4,"17":1,"18":3,"19":3,"20":2,"21":1,"22":1,"23":13,"24":6,"25":7,"26":7,"27":7,"28":8,"29":7,"30":2,"31":2,"32":2,"33":9,"34":9,"35":2,"36":1,"37":14,"38":14,"39":14,"40":39,"41":14,"42":1,"43":1,"44":1,"45":1,"46":1},"f":{"0":44,"1":15,"2":42,"3":2,"4":5,"5":4,"6":13,"7":2,"8":14},"b":{"0":[1,4],"1":[2,2],"2":[1,3],"3":[2,1],"4":[6,7],"5":[13,10]},"_coverageSchema":"1a1c01bbd47fc00a2c39e90264f33305004495a9","hash":"adb2b761c7d859727263db8a0e8f0509f01fe46a"}
}
