TN:
SF:dataStructures\linkedLists.js
FN:2,(anonymous_0)
FN:20,(anonymous_1)
FN:25,(anonymous_2)
FN:31,(anonymous_3)
FN:36,(anonymous_4)
FN:46,(anonymous_5)
FN:56,(anonymous_6)
FN:67,(anonymous_7)
FN:79,(anonymous_8)
FNF:9
FNH:9
FNDA:44,(anonymous_0)
FNDA:15,(anonymous_1)
FNDA:42,(anonymous_2)
FNDA:2,(anonymous_3)
FNDA:5,(anonymous_4)
FNDA:4,(anonymous_5)
FNDA:13,(anonymous_6)
FNDA:2,(anonymous_7)
FNDA:14,(anonymous_8)
DA:3,44
DA:4,44
DA:21,15
DA:22,15
DA:26,42
DA:27,42
DA:28,42
DA:32,2
DA:33,2
DA:37,5
DA:39,4
DA:40,4
DA:42,2
DA:43,2
DA:47,4
DA:49,3
DA:50,3
DA:52,1
DA:53,1
DA:57,13
DA:59,7
DA:60,7
DA:61,8
DA:63,7
DA:68,2
DA:69,2
DA:70,2
DA:72,9
DA:73,9
DA:75,2
DA:79,1
DA:80,14
DA:81,14
DA:82,39
DA:85,14
DA:88,1
DA:89,1
DA:90,1
DA:91,1
DA:93,1
LF:40
LH:40
BRDA:37,0,0,1
BRDA:37,0,1,4
BRDA:40,1,0,2
BRDA:40,1,1,2
BRDA:47,2,0,1
BRDA:47,2,1,3
BRDA:50,3,0,2
BRDA:50,3,1,1
BRDA:57,4,0,6
BRDA:57,4,1,7
BRDA:57,5,0,13
BRDA:57,5,1,10
BRF:12
BRH:12
end_of_record
